This is XeTeX, Version 3.1415926-2.5-0.9999.3 (TeX Live 2013/Debian) (format=xelatex 2016.1.30)  30 DEC 2016 04:49
entering extended mode
 restricted \write18 enabled.
 %&-line parsing enabled.
**app/static/resume/cv.tex
(./app/static/resume/cv.tex
LaTeX2e <2011/06/27>
Babel <3.9h> and hyphenation patterns for 78 languages loaded.

! LaTeX Error: File `friggeri-cv.cls' not found.

Type X to quit or <RETURN> to proceed,
or enter new name. (Default extension: cls)

Enter file name: x

 )
(\end occurred when \ifx on line 3 was incomplete)
(\end occurred when \ifx on line 3 was incomplete) 
Here is how much of TeX's memory you used:
 11 strings out of 493918
 163 string characters out of 6150563
 52172 words of memory out of 5000000
 3432 multiletter control sequences out of 15000+600000
 3640 words of font info for 14 fonts, out of 8000000 for 9000
 1144 hyphenation exceptions out of 8191
 10i,0n,7p,81b,8s stack positions out of 5000i,500n,10000p,200000b,80000s

No pages of output.
